<?xml version="1.0" encoding="UTF-8"?>
<!-- Generated by org.testng.reporters.JUnitReportReporter -->
<testsuite hostname="TYSS-Ranjeet" failures="0" tests="1" name="cucumber.TestNgtestrunner" time="32.866" errors="0" timestamp="2024-07-31T15:20:40 IST" skipped="0">
  <testcase classname="cucumber.TestNgtestrunner" name="runScenario" time="32.866"/>
  <system-out/>
</testsuite> <!-- cucumber.TestNgtestrunner -->
