<?xml version="1.0" encoding="UTF-8"?>
<!-- Generated by org.testng.reporters.JUnitReportReporter -->
<testsuite hostname="TYSS-Ranjeet" failures="0" tests="3" name="FramworkDesign.Tests.Ecomerce1" time="64.038" errors="0" timestamp="2024-07-31T15:17:50 IST" skipped="0">
  <testcase classname="FramworkDesign.Tests.Ecomerce1" name="orderHistorytest" time="8.055"/>
  <system-out/>
  <testcase classname="FramworkDesign.Tests.Ecomerce1" name="submitOrder" time="36.689"/>
  <system-out/>
  <testcase classname="FramworkDesign.Tests.Ecomerce1" name="submitOrder" time="19.294"/>
  <system-out/>
</testsuite> <!-- FramworkDesign.Tests.Ecomerce1 -->
