<?xml version="1.0" encoding="UTF-8"?>
<!-- Generated by org.testng.reporters.JUnitReportReporter -->
<testsuite hostname="TYSS-Ranjeet" failures="0" tests="1" name="FramworkDesign.Tests.ErrorValidation" time="25.706" errors="0" timestamp="2024-07-24T12:44:20 IST" skipped="0">
  <testcase classname="FramworkDesign.Tests.ErrorValidation" name="productErrorvalidation" time="25.706"/>
</testsuite> <!-- FramworkDesign.Tests.ErrorValidation -->
